<?xml version="1.0" encoding="utf-8"?><testsuites><testsuite errors="0" failures="0" hostname="fv-az1756-634" name="pytest" skipped="1" tests="97" time="0.766" timestamp="2024-09-26T12:01:07.812544"><testcase classname="tests.test_advanced" name="test_non_representable_defaults" time="0.001" /><testcase classname="tests.test_advanced" name="test_preserve_attributes" time="0.001" /><testcase classname="tests.test_advanced" name="test_empty_name_in_string" time="0.001" /><testcase classname="tests.test_advanced" name="test_same_than_wraps_basic" time="0.001" /><testcase classname="tests.test_advanced" name="tests_wraps_sigchange" time="0.001" /><testcase classname="tests.test_advanced" name="tests_wraps_lambda" time="0.001" /><testcase classname="tests.test_advanced" name="tests_wraps_renamed_lambda" time="0.001" /><testcase classname="tests.test_advanced" name="test_lambda_signature_str" time="0.001" /><testcase classname="tests.test_advanced" name="test_co_name" time="0.001" /><testcase classname="tests.test_advanced" name="test_with_signature_lambda" time="0.001" /><testcase classname="tests.test_advanced" name="test_create_wrapper_lambda" time="0.001" /><testcase classname="tests.test_advanced" name="test_invalid_co_name" time="0.001" /><testcase classname="tests.test_advanced" name="test_invalid_func_name" time="0.001" /><testcase classname="tests.test_advanced" name="test_qualname_when_nested" time="0.001" /><testcase classname="tests.test_advanced" name="test_type_hint_error" time="0.018" /><testcase classname="tests.test_advanced" name="test_type_hint_error2" time="0.001" /><testcase classname="tests.test_advanced" name="test_type_hint_error_sigchange" time="0.001" /><testcase classname="tests.test_compile_deco" name="test_compilefun" time="0.007" /><testcase classname="tests.test_compile_deco" name="test_compilefun_nested" time="0.001" /><testcase classname="tests.test_compile_deco" name="test_compilefun_nested_already_compiled" time="0.001" /><testcase classname="tests.test_compile_deco" name="test_compilefun_nested_exclude[variant=all]" time="0.001" /><testcase classname="tests.test_compile_deco" name="test_compilefun_nested_exclude[variant=named]" time="0.001" /><testcase classname="tests.test_compile_deco" name="test_compilefun_co_names" time="0.001" /><testcase classname="tests.test_compile_deco" name="test_compilefun_nameerror" time="0.001" /><testcase classname="tests.test_compile_deco" name="test_compilefun_method" time="0.001" /><testcase classname="tests.test_compile_deco" name="test_compileclass_decorator" time="0.001" /><testcase classname="tests.test_create_from_signature" name="test_positional_only" time="0.001" /><testcase classname="tests.test_create_from_string" name="test_basic[type_hints=False-self_ref=True]" time="0.001" /><testcase classname="tests.test_create_from_string" name="test_basic[type_hints=False-self_ref=False]" time="0.001" /><testcase classname="tests.test_create_from_string" name="test_basic[type_hints=1-self_ref=True]" time="0.001" /><testcase classname="tests.test_create_from_string" name="test_basic[type_hints=1-self_ref=False]" time="0.001" /><testcase classname="tests.test_create_from_string" name="test_basic[type_hints=2-self_ref=True]" time="0.001" /><testcase classname="tests.test_create_from_string" name="test_basic[type_hints=2-self_ref=False]" time="0.001" /><testcase classname="tests.test_create_from_string" name="test_type_comments" time="0.000"><skipped message="This test is known to fail because inspect.signature does not detect comment type hints" type="pytest.skip">/home/runner/work/python-makefun/python-makefun/tests/test_create_from_string.py:97: This test is known to fail because inspect.signature does not detect comment type hints</skipped></testcase><testcase classname="tests.test_create_from_string.TestArguments" name="test_case_simple" time="0.001" /><testcase classname="tests.test_create_from_string.TestArguments" name="test_case_simple_with_star" time="0.001" /><testcase classname="tests.test_create_from_string.TestArguments" name="test_case_simple_with_star_args1" time="0.001" /><testcase classname="tests.test_create_from_string.TestArguments" name="test_case_simple_with_star_args2" time="0.001" /><testcase classname="tests.test_create_from_string.TestArguments" name="test_case_with_type_comments_and_newlines" time="0.001" /><testcase classname="tests.test_doc" name="test_ex_nihilo[type=str-decorator=False]" time="0.001" /><testcase classname="tests.test_doc" name="test_ex_nihilo[type=str-decorator=True]" time="0.001" /><testcase classname="tests.test_doc" name="test_ex_nihilo[type=Signature-decorator=False]" time="0.001" /><testcase classname="tests.test_doc" name="test_ex_nihilo[type=Signature-decorator=True]" time="0.001" /><testcase classname="tests.test_doc" name="test_ex_nihilo_kw_only" time="0.001" /><testcase classname="tests.test_doc" name="test_from_sig_wrapper[use_decorator=False]" time="0.001" /><testcase classname="tests.test_doc" name="test_from_sig_wrapper[use_decorator=True]" time="0.001" /><testcase classname="tests.test_doc" name="test_helper_functions" time="0.001" /><testcase classname="tests.test_doc" name="test_injection" time="0.001" /><testcase classname="tests.test_doc" name="test_var_length" time="0.001" /><testcase classname="tests.test_doc" name="test_positional_only" time="0.001" /><testcase classname="tests.test_doc" name="test_with_signature" time="0.001" /><testcase classname="tests.test_doc" name="test_with_signature_none" time="0.001" /><testcase classname="tests.test_doc" name="test_wraps" time="0.001" /><testcase classname="tests.test_doc" name="test_wraps_functools" time="0.001" /><testcase classname="tests.test_doc" name="test_wraps_remove" time="0.001" /><testcase classname="tests.test_doc" name="test_wraps_add_doc" time="0.001" /><testcase classname="tests.test_doc" name="test_wraps_add[prepend=True]" time="0.001" /><testcase classname="tests.test_doc" name="test_wraps_add[prepend=False]" time="0.001" /><testcase classname="tests.test_generators_coroutines" name="test_generator" time="0.001" /><testcase classname="tests.test_generators_coroutines" name="test_generator_with_signature" time="0.001" /><testcase classname="tests.test_generators_coroutines" name="test_generator_based_coroutine" time="0.001" /><testcase classname="tests.test_generators_coroutines" name="test_native_coroutine" time="0.102" /><testcase classname="tests.test_generators_coroutines" name="test_issue_96" time="0.101" /><testcase classname="tests.test_issues" name="test_wraps_varpositional_issue_34" time="0.001" /><testcase classname="tests.test_issues" name="test_varpositional2" time="0.001" /><testcase classname="tests.test_issues" name="test_invalid_signature_str" time="0.001" /><testcase classname="tests.test_issues" name="test_invalid_signature_str_py3" time="0.001" /><testcase classname="tests.test_issues" name="test_return_annotation_in_py2" time="0.001" /><testcase classname="tests.test_issues" name="test_init_replaced" time="0.001" /><testcase classname="tests.test_issues" name="test_issue_55" time="0.001" /><testcase classname="tests.test_issues" name="test_partial_noargs" time="0.001" /><testcase classname="tests.test_issues" name="test_wraps_dict" time="0.001" /><testcase classname="tests.test_issues" name="test_issue_62" time="0.001" /><testcase classname="tests.test_issues" name="test_issue_63" time="0.001" /><testcase classname="tests.test_issues" name="test_issue_66" time="0.001" /><testcase classname="tests.test_issues" name="test_issue_pr_67" time="0.001" /><testcase classname="tests.test_issues" name="test_issue_76" time="0.001" /><testcase classname="tests.test_issues" name="test_issue_77_async_generator_wraps" time="0.002" /><testcase classname="tests.test_issues" name="test_issue_77_async_generator_partial" time="0.001" /><testcase classname="tests.test_issues" name="test_issue_85_wrapped_forwardref_annotation" time="0.001" /><testcase classname="tests.test_issues" name="test_issue_91" time="0.001" /><testcase classname="tests.test_issues" name="test_issue_98" time="0.001" /><testcase classname="tests.test_partial_and_macros" name="test_doc" time="0.044" /><testcase classname="tests.test_partial_and_macros" name="test_partial" time="0.001" /><testcase classname="tests.test_partial_and_macros" name="test_issue_57" time="0.001" /><testcase classname="tests.test_partial_and_macros" name="test_create_with_partial" time="0.001" /><testcase classname="tests.test_partial_and_macros" name="test_args_order_and_kind" time="0.001" /><testcase classname="tests.test_partial_and_macros" name="test_simple_partial_copy[False]" time="0.001" /><testcase classname="tests.test_partial_and_macros" name="test_simple_partial_copy[True]" time="0.002" /><testcase classname="tests.test_so" name="test_create_facades" time="0.002" /><testcase classname="tests.test_so" name="test_so_decorator" time="0.001" /><testcase classname="tests.test_so" name="test_so_facade" time="0.001" /><testcase classname="tests.test_so" name="test_so_sig_preserving" time="0.001" /><testcase classname="tests.test_so" name="test_sig_preserving_2" time="0.001" /><testcase classname="tests.test_so" name="test_so_partial" time="0.001" /><testcase classname="tests.test_so" name="test_so_partial2" time="0.002" /><testcase classname="tests.test_so" name="test_so_partial_posargs" time="0.001" /></testsuite></testsuites>